Build started 11/06/2018 23:42:56.
     1>Project "C:\Users\Pichau\Desktop\PROJETO_PG\source\source.vcxproj" on node 2 (Rebuild target(s)).
     1>ClCompile:
         D:\Programas\VC\bin\CL.exe /c /I"C:\Users\Pichau\Desktop\PROJETO_PG\opengl\glew-2.1.0\include\GL" /IC:\Users\Pichau\Desktop\PROJETO_PG\opengl\freeglut\include\GL /IC:\Users\Pichau\Desktop\PROJETO_PG\opengl\DevIL\include\IL /Zi /nologo /W3 /WX- /sdl /O2 /Oi /Oy- /GL /D _MBCS /Gm- /EHsc /MD /GS /Gy /fp:precise /Zc:wchar_t /Zc:forScope /Fo"Release\\" /Fd"Release\vc120.pdb" /Gd /TP /analyze- /errorReport:prompt main.cpp util.cpp
         main.cpp
     1>main.cpp(91): warning C4244: '=' : conversion from 'int' to 'GLfloat', possible loss of data
     1>main.cpp(92): warning C4244: '=' : conversion from 'int' to 'GLfloat', possible loss of data
     1>main.cpp(93): warning C4244: '=' : conversion from 'int' to 'GLfloat', possible loss of data
     1>main.cpp(94): warning C4244: '=' : conversion from 'int' to 'GLfloat', possible loss of data
     1>main.cpp(109): warning C4244: 'initializing' : conversion from 'GLfloat' to 'int', possible loss of data
     1>main.cpp(110): warning C4244: 'initializing' : conversion from 'GLfloat' to 'int', possible loss of data
     1>main.cpp(212): warning C4244: '=' : conversion from 'int' to 'GLfloat', possible loss of data
     1>main.cpp(213): warning C4244: '=' : conversion from 'int' to 'GLfloat', possible loss of data
     1>main.cpp(214): warning C4244: '=' : conversion from 'int' to 'GLfloat', possible loss of data
     1>main.cpp(215): warning C4244: '=' : conversion from 'int' to 'GLfloat', possible loss of data
     1>main.cpp(216): warning C4244: '=' : conversion from 'int' to 'GLfloat', possible loss of data
     1>main.cpp(217): warning C4244: '=' : conversion from 'int' to 'GLfloat', possible loss of data
     1>main.cpp(218): warning C4244: '=' : conversion from 'int' to 'GLfloat', possible loss of data
     1>main.cpp(219): warning C4244: '=' : conversion from 'int' to 'GLfloat', possible loss of data
     1>main.cpp(281): warning C4244: 'argument' : conversion from 'GLfloat' to 'int', possible loss of data
     1>main.cpp(282): warning C4244: 'argument' : conversion from 'GLfloat' to 'int', possible loss of data
     1>main.cpp(288): warning C4244: 'argument' : conversion from 'GLfloat' to 'int', possible loss of data
     1>main.cpp(289): warning C4244: 'argument' : conversion from 'GLfloat' to 'int', possible loss of data
     1>main.cpp(298): warning C4244: 'argument' : conversion from 'GLfloat' to 'int', possible loss of data
     1>main.cpp(299): warning C4244: 'argument' : conversion from 'GLfloat' to 'int', possible loss of data
     1>main.cpp(305): warning C4244: 'argument' : conversion from 'GLfloat' to 'int', possible loss of data
     1>main.cpp(306): warning C4244: 'argument' : conversion from 'GLfloat' to 'int', possible loss of data
     1>main.cpp(315): warning C4244: 'argument' : conversion from 'GLfloat' to 'int', possible loss of data
     1>main.cpp(316): warning C4244: 'argument' : conversion from 'GLfloat' to 'int', possible loss of data
     1>main.cpp(322): warning C4244: 'argument' : conversion from 'GLfloat' to 'int', possible loss of data
     1>main.cpp(323): warning C4244: 'argument' : conversion from 'GLfloat' to 'int', possible loss of data
     1>main.cpp(332): warning C4244: 'argument' : conversion from 'GLfloat' to 'int', possible loss of data
     1>main.cpp(333): warning C4244: 'argument' : conversion from 'GLfloat' to 'int', possible loss of data
     1>main.cpp(339): warning C4244: 'argument' : conversion from 'GLfloat' to 'int', possible loss of data
     1>main.cpp(340): warning C4244: 'argument' : conversion from 'GLfloat' to 'int', possible loss of data
     1>main.cpp(480): warning C4244: 'argument' : conversion from 'GLfloat' to 'GLsizei', possible loss of data
     1>main.cpp(557): warning C4244: '=' : conversion from 'int' to 'GLfloat', possible loss of data
     1>main.cpp(558): warning C4244: '=' : conversion from 'int' to 'GLfloat', possible loss of data
     1>main.cpp(559): warning C4244: '=' : conversion from 'int' to 'GLfloat', possible loss of data
     1>main.cpp(560): warning C4244: '=' : conversion from 'int' to 'GLfloat', possible loss of data
     1>main.cpp(561): warning C4244: '=' : conversion from 'int' to 'GLfloat', possible loss of data
     1>main.cpp(562): warning C4244: '=' : conversion from 'int' to 'GLfloat', possible loss of data
     1>main.cpp(563): warning C4244: '=' : conversion from 'int' to 'GLfloat', possible loss of data
     1>main.cpp(564): warning C4244: '=' : conversion from 'int' to 'GLfloat', possible loss of data
         util.cpp
       Link:
         D:\Programas\VC\bin\link.exe /ERRORREPORT:PROMPT /OUT:"C:\Users\Pichau\Desktop\PROJETO_PG\Release\source.exe" /NOLOGO /LIBPATH:"C:\Users\Pichau\Desktop\PROJETO_PG\opengl\glew-2.1.0\lib\Release\Win32" /LIBPATH:C:\Users\Pichau\Desktop\PROJETO_PG\opengl\freeglut\lib /LIBPATH:C:\Users\Pichau\Desktop\PROJETO_PG\opengl\DevIL\lib\x86\Release DevIL.lib ILU.lib ILUT.lib freeglut.lib glew32.lib kernel32.lib user32.lib gdi32.lib winspool.lib comdlg32.lib advapi32.lib shell32.lib ole32.lib oleaut32.lib uuid.lib odbc32.lib odbccp32.lib kernel32.lib user32.lib gdi32.lib winspool.lib comdlg32.lib advapi32.lib shell32.lib ole32.lib oleaut32.lib uuid.lib odbc32.lib odbccp32.lib /MANIFEST /MANIFESTUAC:"level='asInvoker' uiAccess='false'" /manifest:embed /DEBUG /PDB:"C:\Users\Pichau\Desktop\PROJETO_PG\Release\source.pdb" /OPT:REF /OPT:ICF /LTCG /TLBID:1 /DYNAMICBASE /NXCOMPAT /IMPLIB:"C:\Users\Pichau\Desktop\PROJETO_PG\Release\source.lib" /MACHINE:X86 /SAFESEH Release\main.obj
         Release\util.obj
         Generating code
         Finished generating code
         source.vcxproj -> C:\Users\Pichau\Desktop\PROJETO_PG\Release\source.exe
     1>Done Building Project "C:\Users\Pichau\Desktop\PROJETO_PG\source\source.vcxproj" (Rebuild target(s)).

Build succeeded.

Time Elapsed 00:00:01.56
